<?xml version='1.0' encoding='UTF-8'?>
<testsuite hostname="AdamsLaptop" name="lexer.LexerTest" tests="8" errors="0" failures="0" skipped="0" time="0.003">
                     <properties>
[...]
</properties>
                     <testcase classname="lexer.LexerTest" name="tokenToGroupedRegex should Return a pattern of correctly formatted regex groups" time="0.001">
                                                 
                                               </testcase><testcase classname="lexer.LexerTest" name="find and false when done" time="0.0">
                                                 
                                               </testcase><testcase classname="lexer.LexerTest" name="hasNext for an invalid expression should Return false from the start" time="0.0">
                                                 
                                               </testcase><testcase classname="lexer.LexerTest" name="next for valid locational tokens should Return a LocationalToken with the correct type and location" time="0.0">
                                                 
                                               </testcase><testcase classname="lexer.LexerTest" name="next for invalid locational tokens should throw a TOKEN_EXPECTED exception" time="0.001">
                                                 
                                               </testcase><testcase classname="lexer.LexerTest" name="getFirstMatchedToken should Get the first matched token correctly" time="0.0">
                                                 
                                               </testcase><testcase classname="lexer.LexerTest" name="nextValid with valid types should Return an option of the locational token found" time="0.001">
                                                 
                                               </testcase><testcase classname="lexer.LexerTest" name="nextValid with invalid types should Throw an INVALID_TOKEN exception" time="0.0">
                                                 
                                               </testcase>
                     <system-out></system-out>
                     <system-err></system-err>
                   </testsuite>